<?xml version="1.0" encoding="UTF-8" ?>
<testsuite failures="1" time="0.001" errors="0" skipped="0" tests="1" name="com.omega.service.test.PremiumCalculationTest">
  <properties>
    <property name="java.runtime.name" value="Java(TM) SE Runtime Environment"/>
    <property name="sun.boot.library.path" value="C:\Program Files\Java\jdk1.7.0\jre\bin"/>
    <property name="java.vm.version" value="21.0-b17"/>
    <property name="java.vm.vendor" value="Oracle Corporation"/>
    <property name="java.vendor.url" value="http://java.oracle.com/"/>
    <property name="path.separator" value=";"/>
    <property name="java.vm.name" value="Java HotSpot(TM) Client VM"/>
    <property name="file.encoding.pkg" value="sun.io"/>
    <property name="user.script" value=""/>
    <property name="user.country" value="US"/>
    <property name="sun.java.launcher" value="SUN_STANDARD"/>
    <property name="sun.os.patch.level" value="Service Pack 1"/>
    <property name="java.vm.specification.name" value="Java Virtual Machine Specification"/>
    <property name="user.dir" value="D:\Uma\Projects\Incoming\fromcdrive\Uma\Doublecheck\CCAPOmega"/>
    <property name="java.runtime.version" value="1.7.0-b147"/>
    <property name="java.awt.graphicsenv" value="sun.awt.Win32GraphicsEnvironment"/>
    <property name="basedir" value="D:\Uma\Projects\Incoming\fromcdrive\Uma\Doublecheck\CCAPOmega"/>
    <property name="java.endorsed.dirs" value="C:\Program Files\Java\jdk1.7.0\jre\lib\endorsed"/>
    <property name="os.arch" value="x86"/>
    <property name="surefire.real.class.path" value="D:\Uma\Projects\Incoming\fromcdrive\Uma\Doublecheck\CCAPOmega\target\surefire\surefirebooter5951886550834157655.jar"/>
    <property name="java.io.tmpdir" value="C:\Users\291426\AppData\Local\Temp\"/>
    <property name="line.separator" value="
"/>
    <property name="java.vm.specification.vendor" value="Oracle Corporation"/>
    <property name="user.variant" value=""/>
    <property name="os.name" value="Windows 7"/>
    <property name="sun.jnu.encoding" value="Cp1252"/>
    <property name="java.library.path" value="C:\Program Files\Java\jdk1.7.0\jre\bin;C:\Windows\Sun\Java\bin;C:\Windows\system32;C:\Windows;D:\Uma\Projects\CCAP_Production\Tools\apache-maven-3.0.2\bin;C:\Program Files\Java\jdk1.7.0\bin;-Xmx1024m\bin;;."/>
    <property name="surefire.test.class.path" value="D:\Uma\Projects\Incoming\fromcdrive\Uma\Doublecheck\CCAPOmega\target\test-classes;D:\Uma\Projects\Incoming\fromcdrive\Uma\Doublecheck\CCAPOmega\build\classes;C:\Users\291426\.m2\repository123567testjpas\junit\junit\4.8.2\junit-4.8.2.jar;C:\Users\291426\.m2\repository123567testjpas\org\slf4j\slf4j-api\1.6.2\slf4j-api-1.6.2.jar;C:\Users\291426\.m2\repository123567testjpas\commons-lang\commons-lang\2.6\commons-lang-2.6.jar;C:\Users\291426\.m2\repository123567testjpas\commons-configuration\commons-configuration\1.6\commons-configuration-1.6.jar;C:\Users\291426\.m2\repository123567testjpas\commons-collections\commons-collections\3.2.1\commons-collections-3.2.1.jar;C:\Users\291426\.m2\repository123567testjpas\commons-logging\commons-logging\1.1.1\commons-logging-1.1.1.jar;C:\Users\291426\.m2\repository123567testjpas\commons-digester\commons-digester\1.8\commons-digester-1.8.jar;C:\Users\291426\.m2\repository123567testjpas\commons-beanutils\commons-beanutils\1.7.0\commons-beanutils-1.7.0.jar;C:\Users\291426\.m2\repository123567testjpas\commons-beanutils\commons-beanutils-core\1.8.0\commons-beanutils-core-1.8.0.jar;C:\Users\291426\.m2\repository123567testjpas\commons-dbcp\commons-dbcp\1.3\commons-dbcp-1.3.jar;C:\Users\291426\.m2\repository123567testjpas\commons-pool\commons-pool\1.5.4\commons-pool-1.5.4.jar;C:\Users\291426\.m2\repository123567testjpas\javax\servlet\servlet-api\2.5\servlet-api-2.5.jar;C:\Users\291426\.m2\repository123567testjpas\org\apache\tomcat\dbcp\6.0.33\dbcp-6.0.33.jar;"/>
    <property name="java.specification.name" value="Java Platform API Specification"/>
    <property name="java.class.version" value="51.0"/>
    <property name="sun.management.compiler" value="HotSpot Client Compiler"/>
    <property name="os.version" value="6.1"/>
    <property name="user.home" value="C:\Windows\system32\config\systemprofile"/>
    <property name="user.timezone" value=""/>
    <property name="java.awt.printerjob" value="sun.awt.windows.WPrinterJob"/>
    <property name="java.specification.version" value="1.7"/>
    <property name="file.encoding" value="Cp1252"/>
    <property name="user.name" value="291426"/>
    <property name="java.class.path" value="D:\Uma\Projects\Incoming\fromcdrive\Uma\Doublecheck\CCAPOmega\target\test-classes;D:\Uma\Projects\Incoming\fromcdrive\Uma\Doublecheck\CCAPOmega\build\classes;C:\Users\291426\.m2\repository123567testjpas\junit\junit\4.8.2\junit-4.8.2.jar;C:\Users\291426\.m2\repository123567testjpas\org\slf4j\slf4j-api\1.6.2\slf4j-api-1.6.2.jar;C:\Users\291426\.m2\repository123567testjpas\commons-lang\commons-lang\2.6\commons-lang-2.6.jar;C:\Users\291426\.m2\repository123567testjpas\commons-configuration\commons-configuration\1.6\commons-configuration-1.6.jar;C:\Users\291426\.m2\repository123567testjpas\commons-collections\commons-collections\3.2.1\commons-collections-3.2.1.jar;C:\Users\291426\.m2\repository123567testjpas\commons-logging\commons-logging\1.1.1\commons-logging-1.1.1.jar;C:\Users\291426\.m2\repository123567testjpas\commons-digester\commons-digester\1.8\commons-digester-1.8.jar;C:\Users\291426\.m2\repository123567testjpas\commons-beanutils\commons-beanutils\1.7.0\commons-beanutils-1.7.0.jar;C:\Users\291426\.m2\repository123567testjpas\commons-beanutils\commons-beanutils-core\1.8.0\commons-beanutils-core-1.8.0.jar;C:\Users\291426\.m2\repository123567testjpas\commons-dbcp\commons-dbcp\1.3\commons-dbcp-1.3.jar;C:\Users\291426\.m2\repository123567testjpas\commons-pool\commons-pool\1.5.4\commons-pool-1.5.4.jar;C:\Users\291426\.m2\repository123567testjpas\javax\servlet\servlet-api\2.5\servlet-api-2.5.jar;C:\Users\291426\.m2\repository123567testjpas\org\apache\tomcat\dbcp\6.0.33\dbcp-6.0.33.jar;"/>
    <property name="java.vm.specification.version" value="1.7"/>
    <property name="sun.arch.data.model" value="32"/>
    <property name="java.home" value="C:\Program Files\Java\jdk1.7.0\jre"/>
    <property name="sun.java.command" value="D:\Uma\Projects\Incoming\fromcdrive\Uma\Doublecheck\CCAPOmega\target\surefire\surefirebooter5951886550834157655.jar D:\Uma\Projects\Incoming\fromcdrive\Uma\Doublecheck\CCAPOmega\target\surefire\surefire7824026324731598746tmp D:\Uma\Projects\Incoming\fromcdrive\Uma\Doublecheck\CCAPOmega\target\surefire\surefire6527582879953479674tmp"/>
    <property name="java.specification.vendor" value="Oracle Corporation"/>
    <property name="user.language" value="en"/>
    <property name="awt.toolkit" value="sun.awt.windows.WToolkit"/>
    <property name="java.vm.info" value="mixed mode, sharing"/>
    <property name="java.version" value="1.7.0"/>
    <property name="java.ext.dirs" value="C:\Program Files\Java\jdk1.7.0\jre\lib\ext;C:\Windows\Sun\Java\lib\ext"/>
    <property name="sun.boot.class.path" value="C:\Program Files\Java\jdk1.7.0\jre\lib\resources.jar;C:\Program Files\Java\jdk1.7.0\jre\lib\rt.jar;C:\Program Files\Java\jdk1.7.0\jre\lib\sunrsasign.jar;C:\Program Files\Java\jdk1.7.0\jre\lib\jsse.jar;C:\Program Files\Java\jdk1.7.0\jre\lib\jce.jar;C:\Program Files\Java\jdk1.7.0\jre\lib\charsets.jar;C:\Program Files\Java\jdk1.7.0\jre\classes"/>
    <property name="java.vendor" value="Oracle Corporation"/>
    <property name="localRepository" value="C:\Users\291426\.m2\repository123567testjpas"/>
    <property name="file.separator" value="\"/>
    <property name="java.vendor.url.bug" value="http://bugreport.sun.com/bugreport/"/>
    <property name="sun.cpu.endian" value="little"/>
    <property name="sun.io.unicode.encoding" value="UnicodeLittle"/>
    <property name="sun.desktop" value="windows"/>
    <property name="sun.cpu.isalist" value=""/>
  </properties>
  <testcase time="0" classname="com.omega.service.test.PremiumCalculationTest" name="testCalculatePremium">
    <failure message="SQL Exception occures" type="java.lang.AssertionError">java.lang.AssertionError: SQL Exception occures
	at org.junit.Assert.fail(Assert.java:91)
	at com.omega.service.test.PremiumCalculationTest.testCalculatePremium(PremiumCalculationTest.java:35)
	at sun.reflect.NativeMethodAccessorImpl.invoke0(Native Method)
	at sun.reflect.NativeMethodAccessorImpl.invoke(NativeMethodAccessorImpl.java:57)
	at sun.reflect.DelegatingMethodAccessorImpl.invoke(DelegatingMethodAccessorImpl.java:43)
	at java.lang.reflect.Method.invoke(Method.java:601)
	at org.junit.runners.model.FrameworkMethod$1.runReflectiveCall(FrameworkMethod.java:44)
	at org.junit.internal.runners.model.ReflectiveCallable.run(ReflectiveCallable.java:15)
	at org.junit.runners.model.FrameworkMethod.invokeExplosively(FrameworkMethod.java:41)
	at org.junit.internal.runners.statements.InvokeMethod.evaluate(InvokeMethod.java:20)
	at org.junit.internal.runners.statements.RunBefores.evaluate(RunBefores.java:28)
	at org.junit.runners.BlockJUnit4ClassRunner.runNotIgnored(BlockJUnit4ClassRunner.java:79)
	at org.junit.runners.BlockJUnit4ClassRunner.runChild(BlockJUnit4ClassRunner.java:71)
	at org.junit.runners.BlockJUnit4ClassRunner.runChild(BlockJUnit4ClassRunner.java:49)
	at org.junit.runners.ParentRunner$3.run(ParentRunner.java:193)
	at org.junit.runners.ParentRunner$1.schedule(ParentRunner.java:52)
	at org.junit.runners.ParentRunner.runChildren(ParentRunner.java:191)
	at org.junit.runners.ParentRunner.access$000(ParentRunner.java:42)
	at org.junit.runners.ParentRunner$2.evaluate(ParentRunner.java:184)
	at org.junit.runners.ParentRunner.run(ParentRunner.java:236)
	at org.apache.maven.surefire.junit4.JUnit4TestSet.execute(JUnit4TestSet.java:35)
	at org.apache.maven.surefire.junit4.JUnit4Provider.executeTestSet(JUnit4Provider.java:146)
	at org.apache.maven.surefire.junit4.JUnit4Provider.invoke(JUnit4Provider.java:97)
	at sun.reflect.NativeMethodAccessorImpl.invoke0(Native Method)
	at sun.reflect.NativeMethodAccessorImpl.invoke(NativeMethodAccessorImpl.java:57)
	at sun.reflect.DelegatingMethodAccessorImpl.invoke(DelegatingMethodAccessorImpl.java:43)
	at java.lang.reflect.Method.invoke(Method.java:601)
	at org.apache.maven.surefire.booter.ProviderFactory$ClassLoaderProxy.invoke(ProviderFactory.java:103)
	at $Proxy0.invoke(Unknown Source)
	at org.apache.maven.surefire.booter.SurefireStarter.invokeProvider(SurefireStarter.java:145)
	at org.apache.maven.surefire.booter.SurefireStarter.runSuitesInProcess(SurefireStarter.java:87)
	at org.apache.maven.surefire.booter.ForkedBooter.main(ForkedBooter.java:69)
</failure>
    <system-out>@SLTests run: 1, Failures: 0, Errors: 0, Skipped: 0, Time elapsed: 0 sec
@SLRunning com.omega.service.test.PremiumCalculationTest
!!!!!!!!!!!!!!!!!!!!!!
!!!!!!!!!!!!!!!!!!!!!!
!!!!!!!!!!!!!!!!!!!!!!
!!!!!!!!!!!!!!!!!!!!!!
!!!!!!!!!!!!!!!!!!!!!!
!!!!!!!!!!!!!!!!!!!!!!
!!!!!!!!!!!!!!!!!!!!!!
!!!!!!!!!!!!!!!!!!!!!!
!!!!!!!!!!!!!!!!!!!!!!
</system-out>
  </testcase>
</testsuite>